<?xml version="1.0" encoding="UTF-8"?>
<testng-results total="1" passed="1" failed="0" skipped="0">
  <reporter-output>
  </reporter-output>
  <suite started-at="2022-10-04T09:14:26Z" name="Default suite" finished-at="2022-10-04T09:14:26Z" duration-ms="73">
    <groups>
    </groups>
    <test started-at="2022-10-04T09:14:26Z" name="Default test" finished-at="2022-10-04T09:14:26Z" duration-ms="73">
      <class name="Java01">
        <test-method signature="main()[pri:0, instance:Java01@6c2ed0cd]" started-at="2022-10-04T14:44:26Z" name="main" finished-at="2022-10-04T14:44:26Z" duration-ms="33" status="PASS">
          <reporter-output>
          </reporter-output>
        </test-method> <!-- main -->
      </class> <!-- Java01 -->
    </test> <!-- Default test -->
  </suite> <!-- Default suite -->
</testng-results>
